[2024-08-10 08:12:36] local.ERROR: syntax error, unexpected identifier "Auth" {"exception":"[object] (ParseError(code: 0): syntax error, unexpected identifier \"Auth\" at /media/manmohan/D25CA17B5CA15ACD/code&projectsDOC/2081/Rd/routes/web.php:19)
[stacktrace]
#0 /media/manmohan/D25CA17B5CA15ACD/code&projectsDOC/2081/Rd/vendor/laravel/framework/src/Illuminate/Routing/Router.php(511): Illuminate\\Routing\\RouteFileRegistrar->register()
#1 /media/manmohan/D25CA17B5CA15ACD/code&projectsDOC/2081/Rd/vendor/laravel/framework/src/Illuminate/Routing/Router.php(465): Illuminate\\Routing\\Router->loadRoutes()
#2 /media/manmohan/D25CA17B5CA15ACD/code&projectsDOC/2081/Rd/vendor/laravel/framework/src/Illuminate/Routing/RouteRegistrar.php(194): Illuminate\\Routing\\Router->group()
#3 /media/manmohan/D25CA17B5CA15ACD/code&projectsDOC/2081/Rd/app/Providers/RouteServiceProvider.php(64): Illuminate\\Routing\\RouteRegistrar->group()
#4 /media/manmohan/D25CA17B5CA15ACD/code&projectsDOC/2081/Rd/app/Providers/RouteServiceProvider.php(48): App\\Providers\\RouteServiceProvider->mapWebRoutes()
#5 /media/manmohan/D25CA17B5CA15ACD/code&projectsDOC/2081/Rd/vendor/laravel/framework/src/Illuminate/Container/BoundMethod.php(36): App\\Providers\\RouteServiceProvider->map()
#6 /media/manmohan/D25CA17B5CA15ACD/code&projectsDOC/2081/Rd/vendor/laravel/framework/src/Illuminate/Container/Util.php(41): Illuminate\\Container\\BoundMethod::Illuminate\\Container\\{closure}()
#7 /media/manmohan/D25CA17B5CA15ACD/code&projectsDOC/2081/Rd/vendor/laravel/framework/src/Illuminate/Container/BoundMethod.php(93): Illuminate\\Container\\Util::unwrapIfClosure()
#8 /media/manmohan/D25CA17B5CA15ACD/code&projectsDOC/2081/Rd/vendor/laravel/framework/src/Illuminate/Container/BoundMethod.php(37): Illuminate\\Container\\BoundMethod::callBoundMethod()
#9 /media/manmohan/D25CA17B5CA15ACD/code&projectsDOC/2081/Rd/vendor/laravel/framework/src/Illuminate/Container/Container.php(662): Illuminate\\Container\\BoundMethod::call()
#10 /media/manmohan/D25CA17B5CA15ACD/code&projectsDOC/2081/Rd/vendor/laravel/framework/src/Illuminate/Foundation/Support/Providers/RouteServiceProvider.php(122): Illuminate\\Container\\Container->call()
#11 /media/manmohan/D25CA17B5CA15ACD/code&projectsDOC/2081/Rd/vendor/laravel/framework/src/Illuminate/Foundation/Support/Providers/RouteServiceProvider.php(45): Illuminate\\Foundation\\Support\\Providers\\RouteServiceProvider->loadRoutes()
#12 /media/manmohan/D25CA17B5CA15ACD/code&projectsDOC/2081/Rd/vendor/laravel/framework/src/Illuminate/Container/BoundMethod.php(36): Illuminate\\Foundation\\Support\\Providers\\RouteServiceProvider->Illuminate\\Foundation\\Support\\Providers\\{closure}()
#13 /media/manmohan/D25CA17B5CA15ACD/code&projectsDOC/2081/Rd/vendor/laravel/framework/src/Illuminate/Container/Util.php(41): Illuminate\\Container\\BoundMethod::Illuminate\\Container\\{closure}()
#14 /media/manmohan/D25CA17B5CA15ACD/code&projectsDOC/2081/Rd/vendor/laravel/framework/src/Illuminate/Container/BoundMethod.php(81): Illuminate\\Container\\Util::unwrapIfClosure()
#15 /media/manmohan/D25CA17B5CA15ACD/code&projectsDOC/2081/Rd/vendor/laravel/framework/src/Illuminate/Container/BoundMethod.php(37): Illuminate\\Container\\BoundMethod::callBoundMethod()
#16 /media/manmohan/D25CA17B5CA15ACD/code&projectsDOC/2081/Rd/vendor/laravel/framework/src/Illuminate/Container/Container.php(662): Illuminate\\Container\\BoundMethod::call()
#17 /media/manmohan/D25CA17B5CA15ACD/code&projectsDOC/2081/Rd/vendor/laravel/framework/src/Illuminate/Support/ServiceProvider.php(119): Illuminate\\Container\\Container->call()
#18 /media/manmohan/D25CA17B5CA15ACD/code&projectsDOC/2081/Rd/vendor/laravel/framework/src/Illuminate/Foundation/Application.php(1037): Illuminate\\Support\\ServiceProvider->callBootedCallbacks()
#19 /media/manmohan/D25CA17B5CA15ACD/code&projectsDOC/2081/Rd/vendor/laravel/framework/src/Illuminate/Foundation/Application.php(1015): Illuminate\\Foundation\\Application->bootProvider()
#20 [internal function]: Illuminate\\Foundation\\Application->Illuminate\\Foundation\\{closure}()
#21 /media/manmohan/D25CA17B5CA15ACD/code&projectsDOC/2081/Rd/vendor/laravel/framework/src/Illuminate/Foundation/Application.php(1016): array_walk()
#22 /media/manmohan/D25CA17B5CA15ACD/code&projectsDOC/2081/Rd/vendor/laravel/framework/src/Illuminate/Foundation/Bootstrap/BootProviders.php(17): Illuminate\\Foundation\\Application->boot()
#23 /media/manmohan/D25CA17B5CA15ACD/code&projectsDOC/2081/Rd/vendor/laravel/framework/src/Illuminate/Foundation/Application.php(263): Illuminate\\Foundation\\Bootstrap\\BootProviders->bootstrap()
#24 /media/manmohan/D25CA17B5CA15ACD/code&projectsDOC/2081/Rd/vendor/laravel/framework/src/Illuminate/Foundation/Console/Kernel.php(447): Illuminate\\Foundation\\Application->bootstrapWith()
#25 /media/manmohan/D25CA17B5CA15ACD/code&projectsDOC/2081/Rd/vendor/laravel/framework/src/Illuminate/Foundation/Console/Kernel.php(199): Illuminate\\Foundation\\Console\\Kernel->bootstrap()
#26 /media/manmohan/D25CA17B5CA15ACD/code&projectsDOC/2081/Rd/artisan(37): Illuminate\\Foundation\\Console\\Kernel->handle()
#27 {main}
"} 
